2025-09-02T17:39:33.391+05:30  INFO 21444 --- [PATIENT-SERVICE] [restartedMain] [                                                 ] com.wipro.gp.PatientServiceApplication   : Starting PatientServiceApplication using Java 21.0.8 with PID 21444 (D:\123capstone project\Patient-Service\target\classes started by avula in D:\123capstone project\Patient-Service)
2025-09-02T17:39:33.427+05:30  INFO 21444 --- [PATIENT-SERVICE] [restartedMain] [                                                 ] com.wipro.gp.PatientServiceApplication   : No active profile set, falling back to 1 default profile: "default"
2025-09-02T17:39:33.468+05:30  INFO 21444 --- [PATIENT-SERVICE] [restartedMain] [                                                 ] o.s.c.c.c.ConfigServerConfigDataLoader   : Fetching config from server at : http://localhost:9094
2025-09-02T17:39:33.468+05:30  INFO 21444 --- [PATIENT-SERVICE] [restartedMain] [                                                 ] o.s.c.c.c.ConfigServerConfigDataLoader   : Located environment: name=PATIENT-SERVICE, profiles=[default], label=null, version=4dad9656a29741fba1fbc85c25258fb005cccdc0, state=
2025-09-02T17:39:33.471+05:30  INFO 21444 --- [PATIENT-SERVICE] [restartedMain] [                                                 ] .e.DevToolsPropertyDefaultsPostProcessor : Devtools property defaults active! Set 'spring.devtools.add-properties' to 'false' to disable
2025-09-02T17:39:33.471+05:30  INFO 21444 --- [PATIENT-SERVICE] [restartedMain] [                                                 ] .e.DevToolsPropertyDefaultsPostProcessor : For additional web related logging consider setting the 'logging.level.web' property to 'DEBUG'
2025-09-02T17:39:34.682+05:30  INFO 21444 --- [PATIENT-SERVICE] [restartedMain] [                                                 ] .s.d.r.c.RepositoryConfigurationDelegate : Bootstrapping Spring Data JPA repositories in DEFAULT mode.
2025-09-02T17:39:34.798+05:30  INFO 21444 --- [PATIENT-SERVICE] [restartedMain] [                                                 ] .s.d.r.c.RepositoryConfigurationDelegate : Finished Spring Data repository scanning in 109 ms. Found 1 JPA repository interface.
2025-09-02T17:39:35.121+05:30  INFO 21444 --- [PATIENT-SERVICE] [restartedMain] [                                                 ] o.s.cloud.context.scope.GenericScope     : BeanFactory id=57e65ae6-f412-3de3-8ad9-cb4679d1efa7
2025-09-02T17:39:35.837+05:30  INFO 21444 --- [PATIENT-SERVICE] [restartedMain] [                                                 ] o.s.b.w.embedded.tomcat.TomcatWebServer  : Tomcat initialized with port 8085 (http)
2025-09-02T17:39:35.849+05:30  INFO 21444 --- [PATIENT-SERVICE] [restartedMain] [                                                 ] o.apache.catalina.core.StandardService   : Starting service [Tomcat]
2025-09-02T17:39:35.850+05:30  INFO 21444 --- [PATIENT-SERVICE] [restartedMain] [                                                 ] o.apache.catalina.core.StandardEngine    : Starting Servlet engine: [Apache Tomcat/10.1.43]
2025-09-02T17:39:35.901+05:30  INFO 21444 --- [PATIENT-SERVICE] [restartedMain] [                                                 ] o.a.c.c.C.[Tomcat].[localhost].[/]       : Initializing Spring embedded WebApplicationContext
2025-09-02T17:39:35.901+05:30  INFO 21444 --- [PATIENT-SERVICE] [restartedMain] [                                                 ] w.s.c.ServletWebServerApplicationContext : Root WebApplicationContext: initialization completed in 2429 ms
2025-09-02T17:39:36.598+05:30  INFO 21444 --- [PATIENT-SERVICE] [restartedMain] [                                                 ] o.hibernate.jpa.internal.util.LogHelper  : HHH000204: Processing PersistenceUnitInfo [name: default]
2025-09-02T17:39:36.633+05:30  INFO 21444 --- [PATIENT-SERVICE] [restartedMain] [                                                 ] org.hibernate.Version                    : HHH000412: Hibernate ORM core version 6.6.22.Final
2025-09-02T17:39:36.659+05:30  INFO 21444 --- [PATIENT-SERVICE] [restartedMain] [                                                 ] o.h.c.internal.RegionFactoryInitiator    : HHH000026: Second-level cache disabled
2025-09-02T17:39:36.868+05:30  INFO 21444 --- [PATIENT-SERVICE] [restartedMain] [                                                 ] o.s.o.j.p.SpringPersistenceUnitInfo      : No LoadTimeWeaver setup: ignoring JPA class transformer
2025-09-02T17:39:36.891+05:30  INFO 21444 --- [PATIENT-SERVICE] [restartedMain] [                                                 ] com.zaxxer.hikari.HikariDataSource       : HikariPool-1 - Starting...
2025-09-02T17:39:37.161+05:30  INFO 21444 --- [PATIENT-SERVICE] [restartedMain] [                                                 ] com.zaxxer.hikari.pool.HikariPool        : HikariPool-1 - Added connection com.mysql.cj.jdbc.ConnectionImpl@17bbb4d8
2025-09-02T17:39:37.164+05:30  INFO 21444 --- [PATIENT-SERVICE] [restartedMain] [                                                 ] com.zaxxer.hikari.HikariDataSource       : HikariPool-1 - Start completed.
2025-09-02T17:39:37.208+05:30  WARN 21444 --- [PATIENT-SERVICE] [restartedMain] [                                                 ] org.hibernate.orm.deprecation            : HHH90000025: MySQLDialect does not need to be specified explicitly using 'hibernate.dialect' (remove the property setting and it will be selected by default)
2025-09-02T17:39:37.222+05:30  INFO 21444 --- [PATIENT-SERVICE] [restartedMain] [                                                 ] org.hibernate.orm.connections.pooling    : HHH10001005: Database info:
	Database JDBC URL [Connecting through datasource 'HikariDataSource (HikariPool-1)']
	Database driver: undefined/unknown
	Database version: 8.0.42
	Autocommit mode: undefined/unknown
	Isolation level: undefined/unknown
	Minimum pool size: undefined/unknown
	Maximum pool size: undefined/unknown
2025-09-02T17:39:37.925+05:30  INFO 21444 --- [PATIENT-SERVICE] [restartedMain] [                                                 ] o.h.e.t.j.p.i.JtaPlatformInitiator       : HHH000489: No JTA platform available (set 'hibernate.transaction.jta.platform' to enable JTA platform integration)
2025-09-02T17:39:37.978+05:30  INFO 21444 --- [PATIENT-SERVICE] [restartedMain] [                                                 ] j.LocalContainerEntityManagerFactoryBean : Initialized JPA EntityManagerFactory for persistence unit 'default'
2025-09-02T17:39:38.196+05:30  INFO 21444 --- [PATIENT-SERVICE] [restartedMain] [                                                 ] o.s.d.j.r.query.QueryEnhancerFactory     : Hibernate is in classpath; If applicable, HQL parser will be used.
2025-09-02T17:39:38.320+05:30  WARN 21444 --- [PATIENT-SERVICE] [restartedMain] [                                                 ] JpaBaseConfiguration$JpaWebConfiguration : spring.jpa.open-in-view is enabled by default. Therefore, database queries may be performed during view rendering. Explicitly configure spring.jpa.open-in-view to disable this warning
2025-09-02T17:39:39.938+05:30  WARN 21444 --- [PATIENT-SERVICE] [restartedMain] [                                                 ] o.s.b.d.a.OptionalLiveReloadServer       : Unable to start LiveReload server
2025-09-02T17:39:39.991+05:30  INFO 21444 --- [PATIENT-SERVICE] [restartedMain] [                                                 ] DiscoveryClientOptionalArgsConfiguration : Eureka HTTP Client uses RestTemplate.
2025-09-02T17:39:40.075+05:30  WARN 21444 --- [PATIENT-SERVICE] [restartedMain] [                                                 ] iguration$LoadBalancerCaffeineWarnLogger : Spring Cloud LoadBalancer is currently working with the default cache. While this cache implementation is useful for development and tests, it's recommended to use Caffeine cache in production.You can switch to using Caffeine cache, by adding it and org.springframework.cache.caffeine.CaffeineCacheManager to the classpath.
2025-09-02T17:39:40.098+05:30  INFO 21444 --- [PATIENT-SERVICE] [restartedMain] [                                                 ] o.s.b.a.e.web.EndpointLinksResolver      : Exposing 1 endpoint beneath base path '/actuator'
2025-09-02T17:39:40.201+05:30  INFO 21444 --- [PATIENT-SERVICE] [restartedMain] [                                                 ] o.s.c.n.eureka.InstanceInfoFactory       : Setting initial instance status as: STARTING
2025-09-02T17:39:40.222+05:30  INFO 21444 --- [PATIENT-SERVICE] [restartedMain] [                                                 ] com.netflix.discovery.DiscoveryClient    : Initializing Eureka in region us-east-1
2025-09-02T17:39:40.225+05:30  INFO 21444 --- [PATIENT-SERVICE] [restartedMain] [                                                 ] c.n.d.s.r.aws.ConfigClusterResolver      : Resolving eureka endpoints via configuration
2025-09-02T17:39:40.235+05:30  INFO 21444 --- [PATIENT-SERVICE] [restartedMain] [                                                 ] com.netflix.discovery.DiscoveryClient    : Disable delta property : false
2025-09-02T17:39:40.235+05:30  INFO 21444 --- [PATIENT-SERVICE] [restartedMain] [                                                 ] com.netflix.discovery.DiscoveryClient    : Single vip registry refresh property : null
2025-09-02T17:39:40.236+05:30  INFO 21444 --- [PATIENT-SERVICE] [restartedMain] [                                                 ] com.netflix.discovery.DiscoveryClient    : Force full registry fetch : false
2025-09-02T17:39:40.236+05:30  INFO 21444 --- [PATIENT-SERVICE] [restartedMain] [                                                 ] com.netflix.discovery.DiscoveryClient    : Application is null : false
2025-09-02T17:39:40.236+05:30  INFO 21444 --- [PATIENT-SERVICE] [restartedMain] [                                                 ] com.netflix.discovery.DiscoveryClient    : Registered Applications size is zero : true
2025-09-02T17:39:40.237+05:30  INFO 21444 --- [PATIENT-SERVICE] [restartedMain] [                                                 ] com.netflix.discovery.DiscoveryClient    : Application version is -1: true
2025-09-02T17:39:40.237+05:30  INFO 21444 --- [PATIENT-SERVICE] [restartedMain] [                                                 ] com.netflix.discovery.DiscoveryClient    : Getting all instance registry info from the eureka server
2025-09-02T17:39:40.459+05:30  INFO 21444 --- [PATIENT-SERVICE] [restartedMain] [                                                 ] com.netflix.discovery.DiscoveryClient    : The response status is 200
2025-09-02T17:39:40.461+05:30  INFO 21444 --- [PATIENT-SERVICE] [restartedMain] [                                                 ] com.netflix.discovery.DiscoveryClient    : Starting heartbeat executor: renew interval is: 30
2025-09-02T17:39:40.464+05:30  INFO 21444 --- [PATIENT-SERVICE] [restartedMain] [                                                 ] c.n.discovery.InstanceInfoReplicator     : InstanceInfoReplicator onDemand update allowed rate per min is 4
2025-09-02T17:39:40.466+05:30  INFO 21444 --- [PATIENT-SERVICE] [restartedMain] [                                                 ] com.netflix.discovery.DiscoveryClient    : Discovery Client initialized at timestamp 1756814980464 with initial instances count: 5
2025-09-02T17:39:40.477+05:30  INFO 21444 --- [PATIENT-SERVICE] [restartedMain] [                                                 ] o.s.c.n.e.s.EurekaServiceRegistry        : Registering application PATIENT-SERVICE with eureka with status UP
2025-09-02T17:39:40.478+05:30  INFO 21444 --- [PATIENT-SERVICE] [restartedMain] [                                                 ] com.netflix.discovery.DiscoveryClient    : Saw local status change event StatusChangeEvent [timestamp=1756814980478, current=UP, previous=STARTING]
2025-09-02T17:39:40.480+05:30  INFO 21444 --- [PATIENT-SERVICE] [DiscoveryClient-InstanceInfoReplicator-%d] [                                                 ] com.netflix.discovery.DiscoveryClient    : DiscoveryClient_PATIENT-SERVICE/susi:PATIENT-SERVICE:8085: registering service...
2025-09-02T17:39:40.498+05:30  INFO 21444 --- [PATIENT-SERVICE] [restartedMain] [                                                 ] o.s.b.w.embedded.tomcat.TomcatWebServer  : Tomcat started on port 8085 (http) with context path '/'
2025-09-02T17:39:40.498+05:30  INFO 21444 --- [PATIENT-SERVICE] [restartedMain] [                                                 ] .s.c.n.e.s.EurekaAutoServiceRegistration : Updating port to 8085
2025-09-02T17:39:40.514+05:30  INFO 21444 --- [PATIENT-SERVICE] [restartedMain] [                                                 ] com.wipro.gp.PatientServiceApplication   : Started PatientServiceApplication in 9.207 seconds (process running for 10.13)
2025-09-02T17:39:40.523+05:30  INFO 21444 --- [PATIENT-SERVICE] [DiscoveryClient-InstanceInfoReplicator-%d] [                                                 ] com.netflix.discovery.DiscoveryClient    : DiscoveryClient_PATIENT-SERVICE/susi:PATIENT-SERVICE:8085 - registration status: 204
2025-09-02T17:39:41.108+05:30  INFO 21444 --- [PATIENT-SERVICE] [RMI TCP Connection(10)-127.0.0.1] [                                                 ] o.a.c.c.C.[Tomcat].[localhost].[/]       : Initializing Spring DispatcherServlet 'dispatcherServlet'
2025-09-02T17:39:41.108+05:30  INFO 21444 --- [PATIENT-SERVICE] [RMI TCP Connection(10)-127.0.0.1] [                                                 ] o.s.web.servlet.DispatcherServlet        : Initializing Servlet 'dispatcherServlet'
2025-09-02T17:39:41.111+05:30  INFO 21444 --- [PATIENT-SERVICE] [RMI TCP Connection(10)-127.0.0.1] [                                                 ] o.s.web.servlet.DispatcherServlet        : Completed initialization in 3 ms
2025-09-02T17:39:41.521+05:30  WARN 21444 --- [PATIENT-SERVICE] [AsyncReporter{ZipkinHttpClientSender{http://localhost:9411/api/v2/spans}}] [                                                 ] z.r.i.AsyncReporter$BoundedAsyncReporter : Spans were dropped due to exceptions. All subsequent errors will be logged at FINE level.
2025-09-02T17:39:41.521+05:30  WARN 21444 --- [PATIENT-SERVICE] [AsyncReporter{ZipkinHttpClientSender{http://localhost:9411/api/v2/spans}}] [                                                 ] z.r.i.AsyncReporter$BoundedAsyncReporter : Dropped 2 spans due to ConnectException()

java.net.ConnectException: null
	at java.net.http/jdk.internal.net.http.HttpClientImpl.send(HttpClientImpl.java:955) ~[java.net.http:na]
	at java.net.http/jdk.internal.net.http.HttpClientFacade.send(HttpClientFacade.java:133) ~[java.net.http:na]
	at org.springframework.boot.actuate.autoconfigure.tracing.zipkin.ZipkinHttpClientSender.postSpans(ZipkinHttpClientSender.java:60) ~[spring-boot-actuator-autoconfigure-3.5.4.jar:3.5.4]
	at org.springframework.boot.actuate.autoconfigure.tracing.zipkin.HttpSender.postSpans(HttpSender.java:69) ~[spring-boot-actuator-autoconfigure-3.5.4.jar:3.5.4]
	at org.springframework.boot.actuate.autoconfigure.tracing.zipkin.HttpSender.postSpans(HttpSender.java:41) ~[spring-boot-actuator-autoconfigure-3.5.4.jar:3.5.4]
	at zipkin2.reporter.BaseHttpSender.send(BaseHttpSender.java:123) ~[zipkin-reporter-3.5.1.jar:na]
	at zipkin2.reporter.internal.AsyncReporter$BoundedAsyncReporter.flush(AsyncReporter.java:266) ~[zipkin-reporter-3.5.1.jar:na]
	at zipkin2.reporter.internal.AsyncReporter$Flusher.run(AsyncReporter.java:352) ~[zipkin-reporter-3.5.1.jar:na]
	at java.base/java.lang.Thread.run(Thread.java:1583) ~[na:na]
Caused by: java.net.ConnectException: null
	at java.net.http/jdk.internal.net.http.common.Utils.toConnectException(Utils.java:1065) ~[java.net.http:na]
	at java.net.http/jdk.internal.net.http.PlainHttpConnection.connectAsync(PlainHttpConnection.java:227) ~[java.net.http:na]
	at java.net.http/jdk.internal.net.http.PlainHttpConnection.checkRetryConnect(PlainHttpConnection.java:280) ~[java.net.http:na]
	at java.net.http/jdk.internal.net.http.PlainHttpConnection.lambda$connectAsync$2(PlainHttpConnection.java:238) ~[java.net.http:na]
	at java.base/java.util.concurrent.CompletableFuture.uniHandle(CompletableFuture.java:934) ~[na:na]
	at java.base/java.util.concurrent.CompletableFuture$UniHandle.tryFire(CompletableFuture.java:911) ~[na:na]
	at java.base/java.util.concurrent.CompletableFuture.postComplete(CompletableFuture.java:510) ~[na:na]
	at java.base/java.util.concurrent.CompletableFuture$AsyncSupply.run(CompletableFuture.java:1773) ~[na:na]
	at java.base/java.util.concurrent.ThreadPoolExecutor.runWorker(ThreadPoolExecutor.java:1144) ~[na:na]
	at java.base/java.util.concurrent.ThreadPoolExecutor$Worker.run(ThreadPoolExecutor.java:642) ~[na:na]
	... 1 common frames omitted
Caused by: java.nio.channels.ClosedChannelException: null
	at java.base/sun.nio.ch.SocketChannelImpl.ensureOpen(SocketChannelImpl.java:202) ~[na:na]
	at java.base/sun.nio.ch.SocketChannelImpl.beginConnect(SocketChannelImpl.java:786) ~[na:na]
	at java.base/sun.nio.ch.SocketChannelImpl.connect(SocketChannelImpl.java:874) ~[na:na]
	at java.net.http/jdk.internal.net.http.PlainHttpConnection.lambda$connectAsync$1(PlainHttpConnection.java:210) ~[java.net.http:na]
	at java.base/java.security.AccessController.doPrivileged(AccessController.java:571) ~[na:na]
	at java.net.http/jdk.internal.net.http.PlainHttpConnection.connectAsync(PlainHttpConnection.java:212) ~[java.net.http:na]
	... 9 common frames omitted

2025-09-02T17:44:40.245+05:30  INFO 21444 --- [PATIENT-SERVICE] [AsyncResolver-bootstrap-executor-%d] [                                                 ] c.n.d.s.r.aws.ConfigClusterResolver      : Resolving eureka endpoints via configuration
2025-09-02T17:49:40.290+05:30  INFO 21444 --- [PATIENT-SERVICE] [AsyncResolver-bootstrap-executor-%d] [                                                 ] c.n.d.s.r.aws.ConfigClusterResolver      : Resolving eureka endpoints via configuration
2025-09-02T17:54:40.292+05:30  INFO 21444 --- [PATIENT-SERVICE] [AsyncResolver-bootstrap-executor-%d] [                                                 ] c.n.d.s.r.aws.ConfigClusterResolver      : Resolving eureka endpoints via configuration
2025-09-02T17:59:40.297+05:30  INFO 21444 --- [PATIENT-SERVICE] [AsyncResolver-bootstrap-executor-%d] [                                                 ] c.n.d.s.r.aws.ConfigClusterResolver      : Resolving eureka endpoints via configuration
