2025-09-04T11:53:28.329+05:30  INFO 12372 --- [DOCTOR-SERVICE] [restartedMain] [                                                 ] com.wipro.gp.DoctorServiceApplication    : Starting DoctorServiceApplication using Java 21.0.8 with PID 12372 (D:\123capstone project\Doctor-Service\target\classes started by avula in D:\123capstone project\Doctor-Service)
2025-09-04T11:53:28.333+05:30  INFO 12372 --- [DOCTOR-SERVICE] [restartedMain] [                                                 ] com.wipro.gp.DoctorServiceApplication    : No active profile set, falling back to 1 default profile: "default"
2025-09-04T11:53:28.371+05:30  INFO 12372 --- [DOCTOR-SERVICE] [restartedMain] [                                                 ] o.s.c.c.c.ConfigServerConfigDataLoader   : Fetching config from server at : http://localhost:9094
2025-09-04T11:53:28.371+05:30  INFO 12372 --- [DOCTOR-SERVICE] [restartedMain] [                                                 ] o.s.c.c.c.ConfigServerConfigDataLoader   : Located environment: name=DOCTOR-SERVICE, profiles=[default], label=null, version=4dad9656a29741fba1fbc85c25258fb005cccdc0, state=
2025-09-04T11:53:28.373+05:30  INFO 12372 --- [DOCTOR-SERVICE] [restartedMain] [                                                 ] .e.DevToolsPropertyDefaultsPostProcessor : Devtools property defaults active! Set 'spring.devtools.add-properties' to 'false' to disable
2025-09-04T11:53:28.373+05:30  INFO 12372 --- [DOCTOR-SERVICE] [restartedMain] [                                                 ] .e.DevToolsPropertyDefaultsPostProcessor : For additional web related logging consider setting the 'logging.level.web' property to 'DEBUG'
2025-09-04T11:53:29.244+05:30  INFO 12372 --- [DOCTOR-SERVICE] [restartedMain] [                                                 ] .s.d.r.c.RepositoryConfigurationDelegate : Bootstrapping Spring Data JPA repositories in DEFAULT mode.
2025-09-04T11:53:29.341+05:30  INFO 12372 --- [DOCTOR-SERVICE] [restartedMain] [                                                 ] .s.d.r.c.RepositoryConfigurationDelegate : Finished Spring Data repository scanning in 88 ms. Found 1 JPA repository interface.
2025-09-04T11:53:29.583+05:30  INFO 12372 --- [DOCTOR-SERVICE] [restartedMain] [                                                 ] o.s.cloud.context.scope.GenericScope     : BeanFactory id=fc71a4b0-e6ab-335a-b16b-011d84d41987
2025-09-04T11:53:30.278+05:30  INFO 12372 --- [DOCTOR-SERVICE] [restartedMain] [                                                 ] o.s.b.w.embedded.tomcat.TomcatWebServer  : Tomcat initialized with port 8089 (http)
2025-09-04T11:53:30.288+05:30  INFO 12372 --- [DOCTOR-SERVICE] [restartedMain] [                                                 ] o.apache.catalina.core.StandardService   : Starting service [Tomcat]
2025-09-04T11:53:30.289+05:30  INFO 12372 --- [DOCTOR-SERVICE] [restartedMain] [                                                 ] o.apache.catalina.core.StandardEngine    : Starting Servlet engine: [Apache Tomcat/10.1.43]
2025-09-04T11:53:30.330+05:30  INFO 12372 --- [DOCTOR-SERVICE] [restartedMain] [                                                 ] o.a.c.c.C.[Tomcat].[localhost].[/]       : Initializing Spring embedded WebApplicationContext
2025-09-04T11:53:30.330+05:30  INFO 12372 --- [DOCTOR-SERVICE] [restartedMain] [                                                 ] w.s.c.ServletWebServerApplicationContext : Root WebApplicationContext: initialization completed in 1956 ms
2025-09-04T11:53:30.983+05:30  INFO 12372 --- [DOCTOR-SERVICE] [restartedMain] [                                                 ] o.hibernate.jpa.internal.util.LogHelper  : HHH000204: Processing PersistenceUnitInfo [name: default]
2025-09-04T11:53:31.044+05:30  INFO 12372 --- [DOCTOR-SERVICE] [restartedMain] [                                                 ] org.hibernate.Version                    : HHH000412: Hibernate ORM core version 6.6.22.Final
2025-09-04T11:53:31.078+05:30  INFO 12372 --- [DOCTOR-SERVICE] [restartedMain] [                                                 ] o.h.c.internal.RegionFactoryInitiator    : HHH000026: Second-level cache disabled
2025-09-04T11:53:31.341+05:30  INFO 12372 --- [DOCTOR-SERVICE] [restartedMain] [                                                 ] o.s.o.j.p.SpringPersistenceUnitInfo      : No LoadTimeWeaver setup: ignoring JPA class transformer
2025-09-04T11:53:31.368+05:30  INFO 12372 --- [DOCTOR-SERVICE] [restartedMain] [                                                 ] com.zaxxer.hikari.HikariDataSource       : HikariPool-1 - Starting...
2025-09-04T11:53:31.650+05:30  INFO 12372 --- [DOCTOR-SERVICE] [restartedMain] [                                                 ] com.zaxxer.hikari.pool.HikariPool        : HikariPool-1 - Added connection com.mysql.cj.jdbc.ConnectionImpl@4e28ec9b
2025-09-04T11:53:31.653+05:30  INFO 12372 --- [DOCTOR-SERVICE] [restartedMain] [                                                 ] com.zaxxer.hikari.HikariDataSource       : HikariPool-1 - Start completed.
2025-09-04T11:53:31.739+05:30  WARN 12372 --- [DOCTOR-SERVICE] [restartedMain] [                                                 ] org.hibernate.orm.deprecation            : HHH90000025: MySQLDialect does not need to be specified explicitly using 'hibernate.dialect' (remove the property setting and it will be selected by default)
2025-09-04T11:53:31.757+05:30  INFO 12372 --- [DOCTOR-SERVICE] [restartedMain] [                                                 ] org.hibernate.orm.connections.pooling    : HHH10001005: Database info:
	Database JDBC URL [Connecting through datasource 'HikariDataSource (HikariPool-1)']
	Database driver: undefined/unknown
	Database version: 8.0.42
	Autocommit mode: undefined/unknown
	Isolation level: undefined/unknown
	Minimum pool size: undefined/unknown
	Maximum pool size: undefined/unknown
2025-09-04T11:53:32.485+05:30  INFO 12372 --- [DOCTOR-SERVICE] [restartedMain] [                                                 ] o.h.e.t.j.p.i.JtaPlatformInitiator       : HHH000489: No JTA platform available (set 'hibernate.transaction.jta.platform' to enable JTA platform integration)
2025-09-04T11:53:32.575+05:30  INFO 12372 --- [DOCTOR-SERVICE] [restartedMain] [                                                 ] j.LocalContainerEntityManagerFactoryBean : Initialized JPA EntityManagerFactory for persistence unit 'default'
2025-09-04T11:53:32.804+05:30  INFO 12372 --- [DOCTOR-SERVICE] [restartedMain] [                                                 ] o.s.d.j.r.query.QueryEnhancerFactory     : Hibernate is in classpath; If applicable, HQL parser will be used.
2025-09-04T11:53:33.421+05:30  WARN 12372 --- [DOCTOR-SERVICE] [restartedMain] [                                                 ] JpaBaseConfiguration$JpaWebConfiguration : spring.jpa.open-in-view is enabled by default. Therefore, database queries may be performed during view rendering. Explicitly configure spring.jpa.open-in-view to disable this warning
2025-09-04T11:53:34.731+05:30  INFO 12372 --- [DOCTOR-SERVICE] [restartedMain] [                                                 ] o.s.b.d.a.OptionalLiveReloadServer       : LiveReload server is running on port 35729
2025-09-04T11:53:34.774+05:30  INFO 12372 --- [DOCTOR-SERVICE] [restartedMain] [                                                 ] DiscoveryClientOptionalArgsConfiguration : Eureka HTTP Client uses RestTemplate.
2025-09-04T11:53:34.844+05:30  WARN 12372 --- [DOCTOR-SERVICE] [restartedMain] [                                                 ] iguration$LoadBalancerCaffeineWarnLogger : Spring Cloud LoadBalancer is currently working with the default cache. While this cache implementation is useful for development and tests, it's recommended to use Caffeine cache in production.You can switch to using Caffeine cache, by adding it and org.springframework.cache.caffeine.CaffeineCacheManager to the classpath.
2025-09-04T11:53:34.856+05:30  INFO 12372 --- [DOCTOR-SERVICE] [restartedMain] [                                                 ] o.s.b.a.e.web.EndpointLinksResolver      : Exposing 1 endpoint beneath base path '/actuator'
2025-09-04T11:53:34.974+05:30  INFO 12372 --- [DOCTOR-SERVICE] [restartedMain] [                                                 ] o.s.c.n.eureka.InstanceInfoFactory       : Setting initial instance status as: STARTING
2025-09-04T11:53:34.994+05:30  INFO 12372 --- [DOCTOR-SERVICE] [restartedMain] [                                                 ] com.netflix.discovery.DiscoveryClient    : Initializing Eureka in region us-east-1
2025-09-04T11:53:34.996+05:30  INFO 12372 --- [DOCTOR-SERVICE] [restartedMain] [                                                 ] c.n.d.s.r.aws.ConfigClusterResolver      : Resolving eureka endpoints via configuration
2025-09-04T11:53:35.003+05:30  INFO 12372 --- [DOCTOR-SERVICE] [restartedMain] [                                                 ] com.netflix.discovery.DiscoveryClient    : Disable delta property : false
2025-09-04T11:53:35.004+05:30  INFO 12372 --- [DOCTOR-SERVICE] [restartedMain] [                                                 ] com.netflix.discovery.DiscoveryClient    : Single vip registry refresh property : null
2025-09-04T11:53:35.004+05:30  INFO 12372 --- [DOCTOR-SERVICE] [restartedMain] [                                                 ] com.netflix.discovery.DiscoveryClient    : Force full registry fetch : false
2025-09-04T11:53:35.004+05:30  INFO 12372 --- [DOCTOR-SERVICE] [restartedMain] [                                                 ] com.netflix.discovery.DiscoveryClient    : Application is null : false
2025-09-04T11:53:35.004+05:30  INFO 12372 --- [DOCTOR-SERVICE] [restartedMain] [                                                 ] com.netflix.discovery.DiscoveryClient    : Registered Applications size is zero : true
2025-09-04T11:53:35.004+05:30  INFO 12372 --- [DOCTOR-SERVICE] [restartedMain] [                                                 ] com.netflix.discovery.DiscoveryClient    : Application version is -1: true
2025-09-04T11:53:35.004+05:30  INFO 12372 --- [DOCTOR-SERVICE] [restartedMain] [                                                 ] com.netflix.discovery.DiscoveryClient    : Getting all instance registry info from the eureka server
2025-09-04T11:53:35.183+05:30  INFO 12372 --- [DOCTOR-SERVICE] [restartedMain] [                                                 ] com.netflix.discovery.DiscoveryClient    : The response status is 200
2025-09-04T11:53:35.185+05:30  INFO 12372 --- [DOCTOR-SERVICE] [restartedMain] [                                                 ] com.netflix.discovery.DiscoveryClient    : Starting heartbeat executor: renew interval is: 30
2025-09-04T11:53:35.187+05:30  INFO 12372 --- [DOCTOR-SERVICE] [restartedMain] [                                                 ] c.n.discovery.InstanceInfoReplicator     : InstanceInfoReplicator onDemand update allowed rate per min is 4
2025-09-04T11:53:35.188+05:30  INFO 12372 --- [DOCTOR-SERVICE] [restartedMain] [                                                 ] com.netflix.discovery.DiscoveryClient    : Discovery Client initialized at timestamp 1756967015188 with initial instances count: 2
2025-09-04T11:53:35.200+05:30  INFO 12372 --- [DOCTOR-SERVICE] [restartedMain] [                                                 ] o.s.c.n.e.s.EurekaServiceRegistry        : Registering application DOCTOR-SERVICE with eureka with status UP
2025-09-04T11:53:35.201+05:30  INFO 12372 --- [DOCTOR-SERVICE] [restartedMain] [                                                 ] com.netflix.discovery.DiscoveryClient    : Saw local status change event StatusChangeEvent [timestamp=1756967015201, current=UP, previous=STARTING]
2025-09-04T11:53:35.203+05:30  INFO 12372 --- [DOCTOR-SERVICE] [DiscoveryClient-InstanceInfoReplicator-%d] [                                                 ] com.netflix.discovery.DiscoveryClient    : DiscoveryClient_DOCTOR-SERVICE/susi:DOCTOR-SERVICE:8089: registering service...
2025-09-04T11:53:35.216+05:30  INFO 12372 --- [DOCTOR-SERVICE] [restartedMain] [                                                 ] o.s.b.w.embedded.tomcat.TomcatWebServer  : Tomcat started on port 8089 (http) with context path '/'
2025-09-04T11:53:35.216+05:30  INFO 12372 --- [DOCTOR-SERVICE] [restartedMain] [                                                 ] .s.c.n.e.s.EurekaAutoServiceRegistration : Updating port to 8089
2025-09-04T11:53:35.231+05:30  INFO 12372 --- [DOCTOR-SERVICE] [restartedMain] [                                                 ] com.wipro.gp.DoctorServiceApplication    : Started DoctorServiceApplication in 8.481 seconds (process running for 9.17)
2025-09-04T11:53:35.244+05:30  INFO 12372 --- [DOCTOR-SERVICE] [DiscoveryClient-InstanceInfoReplicator-%d] [                                                 ] com.netflix.discovery.DiscoveryClient    : DiscoveryClient_DOCTOR-SERVICE/susi:DOCTOR-SERVICE:8089 - registration status: 204
2025-09-04T11:53:35.535+05:30  INFO 12372 --- [DOCTOR-SERVICE] [RMI TCP Connection(10)-127.0.0.1] [                                                 ] o.a.c.c.C.[Tomcat].[localhost].[/]       : Initializing Spring DispatcherServlet 'dispatcherServlet'
2025-09-04T11:53:35.535+05:30  INFO 12372 --- [DOCTOR-SERVICE] [RMI TCP Connection(10)-127.0.0.1] [                                                 ] o.s.web.servlet.DispatcherServlet        : Initializing Servlet 'dispatcherServlet'
2025-09-04T11:53:35.536+05:30  INFO 12372 --- [DOCTOR-SERVICE] [RMI TCP Connection(10)-127.0.0.1] [                                                 ] o.s.web.servlet.DispatcherServlet        : Completed initialization in 1 ms
2025-09-04T11:53:36.218+05:30  WARN 12372 --- [DOCTOR-SERVICE] [AsyncReporter{ZipkinHttpClientSender{http://localhost:9411/api/v2/spans}}] [                                                 ] z.r.i.AsyncReporter$BoundedAsyncReporter : Spans were dropped due to exceptions. All subsequent errors will be logged at FINE level.
2025-09-04T11:53:36.219+05:30  WARN 12372 --- [DOCTOR-SERVICE] [AsyncReporter{ZipkinHttpClientSender{http://localhost:9411/api/v2/spans}}] [                                                 ] z.r.i.AsyncReporter$BoundedAsyncReporter : Dropped 2 spans due to ConnectException()

java.net.ConnectException: null
	at java.net.http/jdk.internal.net.http.HttpClientImpl.send(HttpClientImpl.java:955) ~[java.net.http:na]
	at java.net.http/jdk.internal.net.http.HttpClientFacade.send(HttpClientFacade.java:133) ~[java.net.http:na]
	at org.springframework.boot.actuate.autoconfigure.tracing.zipkin.ZipkinHttpClientSender.postSpans(ZipkinHttpClientSender.java:60) ~[spring-boot-actuator-autoconfigure-3.5.4.jar:3.5.4]
	at org.springframework.boot.actuate.autoconfigure.tracing.zipkin.HttpSender.postSpans(HttpSender.java:69) ~[spring-boot-actuator-autoconfigure-3.5.4.jar:3.5.4]
	at org.springframework.boot.actuate.autoconfigure.tracing.zipkin.HttpSender.postSpans(HttpSender.java:41) ~[spring-boot-actuator-autoconfigure-3.5.4.jar:3.5.4]
	at zipkin2.reporter.BaseHttpSender.send(BaseHttpSender.java:123) ~[zipkin-reporter-3.5.1.jar:na]
	at zipkin2.reporter.internal.AsyncReporter$BoundedAsyncReporter.flush(AsyncReporter.java:266) ~[zipkin-reporter-3.5.1.jar:na]
	at zipkin2.reporter.internal.AsyncReporter$Flusher.run(AsyncReporter.java:352) ~[zipkin-reporter-3.5.1.jar:na]
	at java.base/java.lang.Thread.run(Thread.java:1583) ~[na:na]
Caused by: java.net.ConnectException: null
	at java.net.http/jdk.internal.net.http.common.Utils.toConnectException(Utils.java:1065) ~[java.net.http:na]
	at java.net.http/jdk.internal.net.http.PlainHttpConnection.connectAsync(PlainHttpConnection.java:227) ~[java.net.http:na]
	at java.net.http/jdk.internal.net.http.PlainHttpConnection.checkRetryConnect(PlainHttpConnection.java:280) ~[java.net.http:na]
	at java.net.http/jdk.internal.net.http.PlainHttpConnection.lambda$connectAsync$2(PlainHttpConnection.java:238) ~[java.net.http:na]
	at java.base/java.util.concurrent.CompletableFuture.uniHandle(CompletableFuture.java:934) ~[na:na]
	at java.base/java.util.concurrent.CompletableFuture$UniHandle.tryFire(CompletableFuture.java:911) ~[na:na]
	at java.base/java.util.concurrent.CompletableFuture.postComplete(CompletableFuture.java:510) ~[na:na]
	at java.base/java.util.concurrent.CompletableFuture$AsyncSupply.run(CompletableFuture.java:1773) ~[na:na]
	at java.base/java.util.concurrent.ThreadPoolExecutor.runWorker(ThreadPoolExecutor.java:1144) ~[na:na]
	at java.base/java.util.concurrent.ThreadPoolExecutor$Worker.run(ThreadPoolExecutor.java:642) ~[na:na]
	... 1 common frames omitted
Caused by: java.nio.channels.ClosedChannelException: null
	at java.base/sun.nio.ch.SocketChannelImpl.ensureOpen(SocketChannelImpl.java:202) ~[na:na]
	at java.base/sun.nio.ch.SocketChannelImpl.beginConnect(SocketChannelImpl.java:786) ~[na:na]
	at java.base/sun.nio.ch.SocketChannelImpl.connect(SocketChannelImpl.java:874) ~[na:na]
	at java.net.http/jdk.internal.net.http.PlainHttpConnection.lambda$connectAsync$1(PlainHttpConnection.java:210) ~[java.net.http:na]
	at java.base/java.security.AccessController.doPrivileged(AccessController.java:571) ~[na:na]
	at java.net.http/jdk.internal.net.http.PlainHttpConnection.connectAsync(PlainHttpConnection.java:212) ~[java.net.http:na]
	... 9 common frames omitted

2025-09-04T11:57:12.797+05:30  INFO 12372 --- [DOCTOR-SERVICE] [http-nio-8089-exec-5] [68b93140c59c51c83029841719efb70e-3029841719efb70e] c.wipro.gp.controller.DoctorController   : Received request to get doctor details by Id
2025-09-04T11:57:12.888+05:30  WARN 12372 --- [DOCTOR-SERVICE] [http-nio-8089-exec-5] [68b93140c59c51c83029841719efb70e-3029841719efb70e] .m.m.a.ExceptionHandlerExceptionResolver : Resolved [com.wipro.gp.exception.DoctorNotFoundException: Doctor not found]
2025-09-04T11:57:17.699+05:30  INFO 12372 --- [DOCTOR-SERVICE] [http-nio-8089-exec-6] [68b931455af39b6450a3b4388f4f390f-50a3b4388f4f390f] c.wipro.gp.controller.DoctorController   : Received request to get doctor details by Id
2025-09-04T11:57:17.710+05:30  WARN 12372 --- [DOCTOR-SERVICE] [http-nio-8089-exec-6] [68b931455af39b6450a3b4388f4f390f-50a3b4388f4f390f] .m.m.a.ExceptionHandlerExceptionResolver : Resolved [com.wipro.gp.exception.DoctorNotFoundException: Doctor not found]
2025-09-04T11:57:33.103+05:30  WARN 12372 --- [DOCTOR-SERVICE] [http-nio-8089-exec-7] [68b9315589d7831d77c4d154304d69b0-77c4d154304d69b0] .w.s.m.s.DefaultHandlerExceptionResolver : Resolved [org.springframework.web.method.annotation.MethodArgumentTypeMismatchException: Method parameter 'id': Failed to convert value of type 'java.lang.String' to required type 'java.lang.Long'; For input string: "save"]
2025-09-04T11:57:39.057+05:30  WARN 12372 --- [DOCTOR-SERVICE] [http-nio-8089-exec-9] [68b9315b85142e6b0e63b34efef2c81f-0e63b34efef2c81f] .w.s.m.s.DefaultHandlerExceptionResolver : Resolved [org.springframework.http.converter.HttpMessageNotReadableException: Required request body is missing: public com.wipro.gp.entities.Doctor com.wipro.gp.controller.DoctorController.addDoctor(com.wipro.gp.entities.Doctor)]
2025-09-04T11:58:35.011+05:30  INFO 12372 --- [DOCTOR-SERVICE] [AsyncResolver-bootstrap-executor-%d] [                                                 ] c.n.d.s.r.aws.ConfigClusterResolver      : Resolving eureka endpoints via configuration
2025-09-04T11:59:41.413+05:30  WARN 12372 --- [DOCTOR-SERVICE] [http-nio-8089-exec-1] [68b931d58115bc8f313d5573ebc3477f-313d5573ebc3477f] .w.s.m.s.DefaultHandlerExceptionResolver : Resolved [org.springframework.http.converter.HttpMessageNotReadableException: JSON parse error: Cannot deserialize value of type `com.wipro.gp.entities.Doctor` from Array value (token `JsonToken.START_ARRAY`)]
2025-09-04T12:03:35.018+05:30  INFO 12372 --- [DOCTOR-SERVICE] [AsyncResolver-bootstrap-executor-%d] [                                                 ] c.n.d.s.r.aws.ConfigClusterResolver      : Resolving eureka endpoints via configuration
2025-09-04T12:08:35.033+05:30  INFO 12372 --- [DOCTOR-SERVICE] [AsyncResolver-bootstrap-executor-%d] [                                                 ] c.n.d.s.r.aws.ConfigClusterResolver      : Resolving eureka endpoints via configuration
2025-09-04T12:13:35.041+05:30  INFO 12372 --- [DOCTOR-SERVICE] [AsyncResolver-bootstrap-executor-%d] [                                                 ] c.n.d.s.r.aws.ConfigClusterResolver      : Resolving eureka endpoints via configuration
2025-09-04T12:18:35.061+05:30  INFO 12372 --- [DOCTOR-SERVICE] [AsyncResolver-bootstrap-executor-%d] [                                                 ] c.n.d.s.r.aws.ConfigClusterResolver      : Resolving eureka endpoints via configuration
2025-09-04T12:23:35.078+05:30  INFO 12372 --- [DOCTOR-SERVICE] [AsyncResolver-bootstrap-executor-%d] [                                                 ] c.n.d.s.r.aws.ConfigClusterResolver      : Resolving eureka endpoints via configuration
2025-09-04T12:28:35.080+05:30  INFO 12372 --- [DOCTOR-SERVICE] [AsyncResolver-bootstrap-executor-%d] [                                                 ] c.n.d.s.r.aws.ConfigClusterResolver      : Resolving eureka endpoints via configuration
2025-09-04T12:33:35.084+05:30  INFO 12372 --- [DOCTOR-SERVICE] [AsyncResolver-bootstrap-executor-%d] [                                                 ] c.n.d.s.r.aws.ConfigClusterResolver      : Resolving eureka endpoints via configuration
2025-09-04T12:38:35.086+05:30  INFO 12372 --- [DOCTOR-SERVICE] [AsyncResolver-bootstrap-executor-%d] [                                                 ] c.n.d.s.r.aws.ConfigClusterResolver      : Resolving eureka endpoints via configuration
2025-09-04T12:43:35.100+05:30  INFO 12372 --- [DOCTOR-SERVICE] [AsyncResolver-bootstrap-executor-%d] [                                                 ] c.n.d.s.r.aws.ConfigClusterResolver      : Resolving eureka endpoints via configuration
2025-09-04T12:48:35.112+05:30  INFO 12372 --- [DOCTOR-SERVICE] [AsyncResolver-bootstrap-executor-%d] [                                                 ] c.n.d.s.r.aws.ConfigClusterResolver      : Resolving eureka endpoints via configuration
2025-09-04T12:53:35.130+05:30  INFO 12372 --- [DOCTOR-SERVICE] [AsyncResolver-bootstrap-executor-%d] [                                                 ] c.n.d.s.r.aws.ConfigClusterResolver      : Resolving eureka endpoints via configuration
2025-09-04T12:58:35.138+05:30  INFO 12372 --- [DOCTOR-SERVICE] [AsyncResolver-bootstrap-executor-%d] [                                                 ] c.n.d.s.r.aws.ConfigClusterResolver      : Resolving eureka endpoints via configuration
2025-09-04T13:03:35.148+05:30  INFO 12372 --- [DOCTOR-SERVICE] [AsyncResolver-bootstrap-executor-%d] [                                                 ] c.n.d.s.r.aws.ConfigClusterResolver      : Resolving eureka endpoints via configuration
2025-09-04T13:08:35.153+05:30  INFO 12372 --- [DOCTOR-SERVICE] [AsyncResolver-bootstrap-executor-%d] [                                                 ] c.n.d.s.r.aws.ConfigClusterResolver      : Resolving eureka endpoints via configuration
2025-09-04T13:09:35.284+05:30  WARN 12372 --- [DOCTOR-SERVICE] [http-nio-8089-exec-3] [68b942372ff16af08aed795f49d67bef-8aed795f49d67bef] .w.s.m.s.DefaultHandlerExceptionResolver : Resolved [org.springframework.http.converter.HttpMessageNotReadableException: JSON parse error: Cannot deserialize value of type `com.wipro.gp.entities.Doctor` from Array value (token `JsonToken.START_ARRAY`)]
2025-09-04T13:13:35.165+05:30  INFO 12372 --- [DOCTOR-SERVICE] [AsyncResolver-bootstrap-executor-%d] [                                                 ] c.n.d.s.r.aws.ConfigClusterResolver      : Resolving eureka endpoints via configuration
2025-09-04T13:18:35.180+05:30  INFO 12372 --- [DOCTOR-SERVICE] [AsyncResolver-bootstrap-executor-%d] [                                                 ] c.n.d.s.r.aws.ConfigClusterResolver      : Resolving eureka endpoints via configuration
2025-09-04T13:23:35.184+05:30  INFO 12372 --- [DOCTOR-SERVICE] [AsyncResolver-bootstrap-executor-%d] [                                                 ] c.n.d.s.r.aws.ConfigClusterResolver      : Resolving eureka endpoints via configuration
2025-09-04T13:28:35.195+05:30  INFO 12372 --- [DOCTOR-SERVICE] [AsyncResolver-bootstrap-executor-%d] [                                                 ] c.n.d.s.r.aws.ConfigClusterResolver      : Resolving eureka endpoints via configuration
2025-09-04T13:33:35.205+05:30  INFO 12372 --- [DOCTOR-SERVICE] [AsyncResolver-bootstrap-executor-%d] [                                                 ] c.n.d.s.r.aws.ConfigClusterResolver      : Resolving eureka endpoints via configuration
2025-09-04T13:38:35.221+05:30  INFO 12372 --- [DOCTOR-SERVICE] [AsyncResolver-bootstrap-executor-%d] [                                                 ] c.n.d.s.r.aws.ConfigClusterResolver      : Resolving eureka endpoints via configuration
2025-09-04T13:43:35.224+05:30  INFO 12372 --- [DOCTOR-SERVICE] [AsyncResolver-bootstrap-executor-%d] [                                                 ] c.n.d.s.r.aws.ConfigClusterResolver      : Resolving eureka endpoints via configuration
2025-09-04T13:48:35.226+05:30  INFO 12372 --- [DOCTOR-SERVICE] [AsyncResolver-bootstrap-executor-%d] [                                                 ] c.n.d.s.r.aws.ConfigClusterResolver      : Resolving eureka endpoints via configuration
2025-09-04T13:53:35.241+05:30  INFO 12372 --- [DOCTOR-SERVICE] [AsyncResolver-bootstrap-executor-%d] [                                                 ] c.n.d.s.r.aws.ConfigClusterResolver      : Resolving eureka endpoints via configuration
2025-09-04T13:58:35.245+05:30  INFO 12372 --- [DOCTOR-SERVICE] [AsyncResolver-bootstrap-executor-%d] [                                                 ] c.n.d.s.r.aws.ConfigClusterResolver      : Resolving eureka endpoints via configuration
2025-09-04T14:03:35.247+05:30  INFO 12372 --- [DOCTOR-SERVICE] [AsyncResolver-bootstrap-executor-%d] [                                                 ] c.n.d.s.r.aws.ConfigClusterResolver      : Resolving eureka endpoints via configuration
2025-09-04T14:08:35.258+05:30  INFO 12372 --- [DOCTOR-SERVICE] [AsyncResolver-bootstrap-executor-%d] [                                                 ] c.n.d.s.r.aws.ConfigClusterResolver      : Resolving eureka endpoints via configuration
2025-09-04T14:17:25.626+05:30  WARN 12372 --- [DOCTOR-SERVICE] [HikariPool-1:housekeeper] [                                                 ] com.zaxxer.hikari.pool.HikariPool        : HikariPool-1 - Thread starvation or clock leap detected (housekeeper delta=5m22s22ms308µs700ns).
2025-09-04T14:18:28.532+05:30  INFO 12372 --- [DOCTOR-SERVICE] [AsyncResolver-bootstrap-executor-%d] [                                                 ] c.n.d.s.r.aws.ConfigClusterResolver      : Resolving eureka endpoints via configuration
2025-09-04T14:23:28.539+05:30  INFO 12372 --- [DOCTOR-SERVICE] [AsyncResolver-bootstrap-executor-%d] [                                                 ] c.n.d.s.r.aws.ConfigClusterResolver      : Resolving eureka endpoints via configuration
2025-09-04T14:28:28.550+05:30  INFO 12372 --- [DOCTOR-SERVICE] [AsyncResolver-bootstrap-executor-%d] [                                                 ] c.n.d.s.r.aws.ConfigClusterResolver      : Resolving eureka endpoints via configuration
2025-09-04T14:33:28.564+05:30  INFO 12372 --- [DOCTOR-SERVICE] [AsyncResolver-bootstrap-executor-%d] [                                                 ] c.n.d.s.r.aws.ConfigClusterResolver      : Resolving eureka endpoints via configuration
2025-09-04T14:38:28.569+05:30  INFO 12372 --- [DOCTOR-SERVICE] [AsyncResolver-bootstrap-executor-%d] [                                                 ] c.n.d.s.r.aws.ConfigClusterResolver      : Resolving eureka endpoints via configuration
2025-09-04T14:43:28.588+05:30  INFO 12372 --- [DOCTOR-SERVICE] [AsyncResolver-bootstrap-executor-%d] [                                                 ] c.n.d.s.r.aws.ConfigClusterResolver      : Resolving eureka endpoints via configuration
2025-09-04T14:48:28.590+05:30  INFO 12372 --- [DOCTOR-SERVICE] [AsyncResolver-bootstrap-executor-%d] [                                                 ] c.n.d.s.r.aws.ConfigClusterResolver      : Resolving eureka endpoints via configuration
2025-09-04T14:53:28.603+05:30  INFO 12372 --- [DOCTOR-SERVICE] [AsyncResolver-bootstrap-executor-%d] [                                                 ] c.n.d.s.r.aws.ConfigClusterResolver      : Resolving eureka endpoints via configuration
2025-09-04T14:58:28.607+05:30  INFO 12372 --- [DOCTOR-SERVICE] [AsyncResolver-bootstrap-executor-%d] [                                                 ] c.n.d.s.r.aws.ConfigClusterResolver      : Resolving eureka endpoints via configuration
2025-09-04T15:03:28.610+05:30  INFO 12372 --- [DOCTOR-SERVICE] [AsyncResolver-bootstrap-executor-%d] [                                                 ] c.n.d.s.r.aws.ConfigClusterResolver      : Resolving eureka endpoints via configuration
2025-09-04T15:08:28.626+05:30  INFO 12372 --- [DOCTOR-SERVICE] [AsyncResolver-bootstrap-executor-%d] [                                                 ] c.n.d.s.r.aws.ConfigClusterResolver      : Resolving eureka endpoints via configuration
2025-09-04T15:13:28.632+05:30  INFO 12372 --- [DOCTOR-SERVICE] [AsyncResolver-bootstrap-executor-%d] [                                                 ] c.n.d.s.r.aws.ConfigClusterResolver      : Resolving eureka endpoints via configuration
2025-09-04T15:18:28.635+05:30  INFO 12372 --- [DOCTOR-SERVICE] [AsyncResolver-bootstrap-executor-%d] [                                                 ] c.n.d.s.r.aws.ConfigClusterResolver      : Resolving eureka endpoints via configuration
2025-09-04T15:23:28.648+05:30  INFO 12372 --- [DOCTOR-SERVICE] [AsyncResolver-bootstrap-executor-%d] [                                                 ] c.n.d.s.r.aws.ConfigClusterResolver      : Resolving eureka endpoints via configuration
2025-09-04T15:28:28.661+05:30  INFO 12372 --- [DOCTOR-SERVICE] [AsyncResolver-bootstrap-executor-%d] [                                                 ] c.n.d.s.r.aws.ConfigClusterResolver      : Resolving eureka endpoints via configuration
2025-09-04T15:33:28.667+05:30  INFO 12372 --- [DOCTOR-SERVICE] [AsyncResolver-bootstrap-executor-%d] [                                                 ] c.n.d.s.r.aws.ConfigClusterResolver      : Resolving eureka endpoints via configuration
2025-09-04T15:38:28.669+05:30  INFO 12372 --- [DOCTOR-SERVICE] [AsyncResolver-bootstrap-executor-%d] [                                                 ] c.n.d.s.r.aws.ConfigClusterResolver      : Resolving eureka endpoints via configuration
2025-09-04T15:43:28.679+05:30  INFO 12372 --- [DOCTOR-SERVICE] [AsyncResolver-bootstrap-executor-%d] [                                                 ] c.n.d.s.r.aws.ConfigClusterResolver      : Resolving eureka endpoints via configuration
2025-09-04T15:48:28.685+05:30  INFO 12372 --- [DOCTOR-SERVICE] [AsyncResolver-bootstrap-executor-%d] [                                                 ] c.n.d.s.r.aws.ConfigClusterResolver      : Resolving eureka endpoints via configuration
